error: Problems running dot: exit code=127, command='dot', arguments='"/home/aghosh01/TARS_codebase/libopencm3/doc/lpc17xx/html/gpio_8h__dep__incl.dot" -Tpng -o "/home/aghosh01/TARS_codebase/libopencm3/doc/lpc17xx/html/gpio_8h__dep__incl.png" -Tcmapx -o "/home/aghosh01/TARS_codebase/libopencm3/doc/lpc17xx/html/gpio_8h__dep__incl.map"'
error: Problems running dot: exit code=127, command='dot', arguments='"/home/aghosh01/TARS_codebase/libopencm3/doc/lpc17xx/html/memorymap_8h__incl.dot" -Tpng -o "/home/aghosh01/TARS_codebase/libopencm3/doc/lpc17xx/html/memorymap_8h__incl.png" -Tcmapx -o "/home/aghosh01/TARS_codebase/libopencm3/doc/lpc17xx/html/memorymap_8h__incl.map"'
error: Problems running dot: exit code=127, command='dot', arguments='"/home/aghosh01/TARS_codebase/libopencm3/doc/lpc17xx/html/clock_8h__incl.dot" -Tpng -o "/home/aghosh01/TARS_codebase/libopencm3/doc/lpc17xx/html/clock_8h__incl.png" -Tcmapx -o "/home/aghosh01/TARS_codebase/libopencm3/doc/lpc17xx/html/clock_8h__incl.map"'
error: Problems running dot: exit code=127, command='dot', arguments='"/home/aghosh01/TARS_codebase/libopencm3/doc/lpc17xx/html/gpio_8h__incl.dot" -Tpng -o "/home/aghosh01/TARS_codebase/libopencm3/doc/lpc17xx/html/gpio_8h__incl.png" -Tcmapx -o "/home/aghosh01/TARS_codebase/libopencm3/doc/lpc17xx/html/gpio_8h__incl.map"'
error: Problems running dot: exit code=127, command='dot', arguments='"/home/aghosh01/TARS_codebase/libopencm3/doc/lpc17xx/html/gpio_8c__incl.dot" -Tpng -o "/home/aghosh01/TARS_codebase/libopencm3/doc/lpc17xx/html/gpio_8c__incl.png" -Tcmapx -o "/home/aghosh01/TARS_codebase/libopencm3/doc/lpc17xx/html/gpio_8c__incl.map"'
error: Problems running dot: exit code=127, command='dot', arguments='"/home/aghosh01/TARS_codebase/libopencm3/doc/lpc17xx/html/nvic_8h__incl.dot" -Tpng -o "/home/aghosh01/TARS_codebase/libopencm3/doc/lpc17xx/html/nvic_8h__incl.png" -Tcmapx -o "/home/aghosh01/TARS_codebase/libopencm3/doc/lpc17xx/html/nvic_8h__incl.map"'
error: Problems running dot: exit code=127, command='dot', arguments='"/home/aghosh01/TARS_codebase/libopencm3/doc/lpc17xx/html/group__clock__defines.dot" -Tpng -o "/home/aghosh01/TARS_codebase/libopencm3/doc/lpc17xx/html/group__clock__defines.png" -Tcmapx -o "/home/aghosh01/TARS_codebase/libopencm3/doc/lpc17xx/html/group__clock__defines.map"'
error: Problems running dot: exit code=127, command='dot', arguments='"/home/aghosh01/TARS_codebase/libopencm3/doc/lpc17xx/html/pwr_8c__incl.dot" -Tpng -o "/home/aghosh01/TARS_codebase/libopencm3/doc/lpc17xx/html/pwr_8c__incl.png" -Tcmapx -o "/home/aghosh01/TARS_codebase/libopencm3/doc/lpc17xx/html/pwr_8c__incl.map"'
error: Problems running dot: exit code=127, command='dot', arguments='"/home/aghosh01/TARS_codebase/libopencm3/doc/lpc17xx/html/pwr_8h__incl.dot" -Tpng -o "/home/aghosh01/TARS_codebase/libopencm3/doc/lpc17xx/html/pwr_8h__incl.png" -Tcmapx -o "/home/aghosh01/TARS_codebase/libopencm3/doc/lpc17xx/html/pwr_8h__incl.map"'
error: Problems running dot: exit code=127, command='dot', arguments='"/home/aghosh01/TARS_codebase/libopencm3/doc/lpc17xx/html/group__LPC17xx__defines.dot" -Tpng -o "/home/aghosh01/TARS_codebase/libopencm3/doc/lpc17xx/html/group__LPC17xx__defines.png" -Tcmapx -o "/home/aghosh01/TARS_codebase/libopencm3/doc/lpc17xx/html/group__LPC17xx__defines.map"'
error: Problems running dot: exit code=127, command='dot', arguments='"/home/aghosh01/TARS_codebase/libopencm3/doc/lpc17xx/html/memorymap_8h__dep__incl.dot" -Tpng -o "/home/aghosh01/TARS_codebase/libopencm3/doc/lpc17xx/html/memorymap_8h__dep__incl.png" -Tcmapx -o "/home/aghosh01/TARS_codebase/libopencm3/doc/lpc17xx/html/memorymap_8h__dep__incl.map"'
error: Problems running dot: exit code=127, command='dot', arguments='"/home/aghosh01/TARS_codebase/libopencm3/doc/lpc17xx/html/pwr_8h__dep__incl.dot" -Tpng -o "/home/aghosh01/TARS_codebase/libopencm3/doc/lpc17xx/html/pwr_8h__dep__incl.png" -Tcmapx -o "/home/aghosh01/TARS_codebase/libopencm3/doc/lpc17xx/html/pwr_8h__dep__incl.map"'
error: Problems running dot: exit code=127, command='dot', arguments='"/home/aghosh01/TARS_codebase/libopencm3/doc/lpc17xx/html/group__gpio__defines.dot" -Tpng -o "/home/aghosh01/TARS_codebase/libopencm3/doc/lpc17xx/html/group__gpio__defines.png" -Tcmapx -o "/home/aghosh01/TARS_codebase/libopencm3/doc/lpc17xx/html/group__gpio__defines.map"'
error: Problems running dot: exit code=127, command='dot', arguments='"/home/aghosh01/TARS_codebase/libopencm3/doc/lpc17xx/html/group__LPC17xx.dot" -Tpng -o "/home/aghosh01/TARS_codebase/libopencm3/doc/lpc17xx/html/group__LPC17xx.png" -Tcmapx -o "/home/aghosh01/TARS_codebase/libopencm3/doc/lpc17xx/html/group__LPC17xx.map"'
error: Problems running dot: exit code=127, command='dot', arguments='"/home/aghosh01/TARS_codebase/libopencm3/doc/lpc17xx/html/graph_legend.dot" -Tpng -o "/home/aghosh01/TARS_codebase/libopencm3/doc/lpc17xx/html/graph_legend.png"'
error: Problems running dot: exit code=127, command='dot', arguments='"/home/aghosh01/TARS_codebase/libopencm3/doc/lpc17xx/html/group__pwr__defines.dot" -Tpng -o "/home/aghosh01/TARS_codebase/libopencm3/doc/lpc17xx/html/group__pwr__defines.png" -Tcmapx -o "/home/aghosh01/TARS_codebase/libopencm3/doc/lpc17xx/html/group__pwr__defines.map"'
error: Problems running dot: exit code=127, command='dot', arguments='"/home/aghosh01/TARS_codebase/libopencm3/doc/lpc17xx/html/group__gpio__file.dot" -Tpng -o "/home/aghosh01/TARS_codebase/libopencm3/doc/lpc17xx/html/group__gpio__file.png" -Tcmapx -o "/home/aghosh01/TARS_codebase/libopencm3/doc/lpc17xx/html/group__gpio__file.map"'
error: Problems running dot: exit code=127, command='dot', arguments='"/home/aghosh01/TARS_codebase/libopencm3/doc/lpc17xx/html/dir_f9dfdb53076d236e85e20774ccbdc816_dep.dot" -Tpng -o "/home/aghosh01/TARS_codebase/libopencm3/doc/lpc17xx/html/dir_f9dfdb53076d236e85e20774ccbdc816_dep.png" -Tcmapx -o "/home/aghosh01/TARS_codebase/libopencm3/doc/lpc17xx/html/dir_f9dfdb53076d236e85e20774ccbdc816_dep.map"'
error: Problems running dot: exit code=127, command='dot', arguments='"/home/aghosh01/TARS_codebase/libopencm3/doc/lpc17xx/html/group__pwr-file.dot" -Tpng -o "/home/aghosh01/TARS_codebase/libopencm3/doc/lpc17xx/html/group__pwr-file.png" -Tcmapx -o "/home/aghosh01/TARS_codebase/libopencm3/doc/lpc17xx/html/group__pwr-file.map"'
error: Problems running dot: exit code=127, command='dot', arguments='"/home/aghosh01/TARS_codebase/libopencm3/doc/lpc17xx/html/dir_97aefd0d527b934f1d99a682da8fe6a9_dep.dot" -Tpng -o "/home/aghosh01/TARS_codebase/libopencm3/doc/lpc17xx/html/dir_97aefd0d527b934f1d99a682da8fe6a9_dep.png" -Tcmapx -o "/home/aghosh01/TARS_codebase/libopencm3/doc/lpc17xx/html/dir_97aefd0d527b934f1d99a682da8fe6a9_dep.map"'
error: problems opening map file /home/aghosh01/TARS_codebase/libopencm3/doc/lpc17xx/html/clock_8h__incl.map for inclusion in the docs!
If you installed Graphviz/dot after a previous failing run, 
try deleting the output directory and rerun doxygen.
error: problems opening map file /home/aghosh01/TARS_codebase/libopencm3/doc/lpc17xx/html/gpio_8c__incl.map for inclusion in the docs!
If you installed Graphviz/dot after a previous failing run, 
try deleting the output directory and rerun doxygen.
error: problems opening map file /home/aghosh01/TARS_codebase/libopencm3/doc/lpc17xx/html/gpio_8h__incl.map for inclusion in the docs!
If you installed Graphviz/dot after a previous failing run, 
try deleting the output directory and rerun doxygen.
error: problems opening map file /home/aghosh01/TARS_codebase/libopencm3/doc/lpc17xx/html/gpio_8h__dep__incl.map for inclusion in the docs!
If you installed Graphviz/dot after a previous failing run, 
try deleting the output directory and rerun doxygen.
error: problems opening map file /home/aghosh01/TARS_codebase/libopencm3/doc/lpc17xx/html/memorymap_8h__incl.map for inclusion in the docs!
If you installed Graphviz/dot after a previous failing run, 
try deleting the output directory and rerun doxygen.
error: problems opening map file /home/aghosh01/TARS_codebase/libopencm3/doc/lpc17xx/html/memorymap_8h__dep__incl.map for inclusion in the docs!
If you installed Graphviz/dot after a previous failing run, 
try deleting the output directory and rerun doxygen.
error: problems opening map file /home/aghosh01/TARS_codebase/libopencm3/doc/lpc17xx/html/nvic_8h__incl.map for inclusion in the docs!
If you installed Graphviz/dot after a previous failing run, 
try deleting the output directory and rerun doxygen.
error: problems opening map file /home/aghosh01/TARS_codebase/libopencm3/doc/lpc17xx/html/pwr_8c__incl.map for inclusion in the docs!
If you installed Graphviz/dot after a previous failing run, 
try deleting the output directory and rerun doxygen.
error: problems opening map file /home/aghosh01/TARS_codebase/libopencm3/doc/lpc17xx/html/pwr_8h__incl.map for inclusion in the docs!
If you installed Graphviz/dot after a previous failing run, 
try deleting the output directory and rerun doxygen.
error: problems opening map file /home/aghosh01/TARS_codebase/libopencm3/doc/lpc17xx/html/pwr_8h__dep__incl.map for inclusion in the docs!
If you installed Graphviz/dot after a previous failing run, 
try deleting the output directory and rerun doxygen.
error: problems opening map file /home/aghosh01/TARS_codebase/libopencm3/doc/lpc17xx/html/group__clock__defines.map for inclusion in the docs!
If you installed Graphviz/dot after a previous failing run, 
try deleting the output directory and rerun doxygen.
error: problems opening map file /home/aghosh01/TARS_codebase/libopencm3/doc/lpc17xx/html/group__LPC17xx.map for inclusion in the docs!
If you installed Graphviz/dot after a previous failing run, 
try deleting the output directory and rerun doxygen.
error: problems opening map file /home/aghosh01/TARS_codebase/libopencm3/doc/lpc17xx/html/group__LPC17xx__defines.map for inclusion in the docs!
If you installed Graphviz/dot after a previous failing run, 
try deleting the output directory and rerun doxygen.
error: problems opening map file /home/aghosh01/TARS_codebase/libopencm3/doc/lpc17xx/html/group__gpio__defines.map for inclusion in the docs!
If you installed Graphviz/dot after a previous failing run, 
try deleting the output directory and rerun doxygen.
error: problems opening map file /home/aghosh01/TARS_codebase/libopencm3/doc/lpc17xx/html/group__pwr__defines.map for inclusion in the docs!
If you installed Graphviz/dot after a previous failing run, 
try deleting the output directory and rerun doxygen.
error: problems opening map file /home/aghosh01/TARS_codebase/libopencm3/doc/lpc17xx/html/group__gpio__file.map for inclusion in the docs!
If you installed Graphviz/dot after a previous failing run, 
try deleting the output directory and rerun doxygen.
error: problems opening map file /home/aghosh01/TARS_codebase/libopencm3/doc/lpc17xx/html/group__pwr-file.map for inclusion in the docs!
If you installed Graphviz/dot after a previous failing run, 
try deleting the output directory and rerun doxygen.
error: problems opening map file /home/aghosh01/TARS_codebase/libopencm3/doc/lpc17xx/html/dir_97aefd0d527b934f1d99a682da8fe6a9_dep.map for inclusion in the docs!
If you installed Graphviz/dot after a previous failing run, 
try deleting the output directory and rerun doxygen.
error: problems opening map file /home/aghosh01/TARS_codebase/libopencm3/doc/lpc17xx/html/dir_f9dfdb53076d236e85e20774ccbdc816_dep.map for inclusion in the docs!
If you installed Graphviz/dot after a previous failing run, 
try deleting the output directory and rerun doxygen.
